D:\C++\PROJECTS\GETHYPER\CORE\CORE.OBJ
D:\C++\PROJECTS\GETHYPER\CORE\DLLMAIN.OBJ
D:\C++\PROJECTS\GETHYPER\CORE\HYPCOMPILER.OBJ
D:\C++\PROJECTS\GETHYPER\CORE\HYPIMPORTMANAGER.OBJ
D:\C++\PROJECTS\GETHYPER\CORE\HYPIO.OBJ
D:\C++\PROJECTS\GETHYPER\CORE\HYPLINUX.OBJ
D:\C++\PROJECTS\GETHYPER\CORE\HYPMATH.OBJ
D:\C++\PROJECTS\GETHYPER\CORE\HYPOBJECT.OBJ
D:\C++\PROJECTS\GETHYPER\CORE\HYPOUTPUT.OBJ
D:\C++\PROJECTS\GETHYPER\CORE\HYPSCRIPT.OBJ
D:\C++\PROJECTS\GETHYPER\CORE\HYPSTRING.OBJ
D:\C++\PROJECTS\GETHYPER\CORE\HYPTEMPLATE.OBJ
D:\C++\PROJECTS\GETHYPER\CORE\HYPWIN32.OBJ
D:\C++\PROJECTS\GETHYPER\CORE\HYPWINDOWSCONSOLE.OBJ
D:\C++\PROJECTS\GETHYPER\CORE\HYPVM.OBJ
D:\C++\PROJECTS\GETHYPER\CORE\STDAFX.OBJ
D:\C++\Projects\GetHyper\Core\x64\Release\cl.command.1.tlog
D:\C++\Projects\GetHyper\Core\x64\Release\CL.read.1.tlog
D:\C++\Projects\GetHyper\Core\x64\Release\CL.write.1.tlog
D:\C++\PROJECTS\GETHYPER\CORE\X64\RELEASE\CORE.PCH
D:\C++\Projects\GetHyper\Core\x64\Release\Core.write.1.tlog
D:\C++\Projects\GetHyper\Core\x64\Release\HypVMASM.obj
D:\C++\Projects\GetHyper\Core\x64\Release\link.command.1.tlog
D:\C++\Projects\GetHyper\Core\x64\Release\link.read.1.tlog
D:\C++\Projects\GetHyper\Core\x64\Release\link.write.1.tlog
D:\C++\Projects\GetHyper\Core\x64\Release\vc100.idb
D:\C++\PROJECTS\GETHYPER\CORE\X64\RELEASE\VC100.PDB
